<?xml version="1.0" encoding="UTF-8"?>
<!-- Generated by org.testng.reporters.JUnitReportReporter -->
<testsuite hostname="USCHNSUGURU2" failures="0" tests="1" name="com.assignment.api.ApiAutomation" time="2.139" errors="0" timestamp="17 Dec 2024 06:57:48 GMT">
  <testcase classname="com.assignment.api.ApiAutomation" name="listUsers" time="2.139"/>
</testsuite> <!-- com.assignment.api.ApiAutomation -->
